15:10:01 [INFO] creating window
15:10:01 [TRACE] (1) mio::poll: [/home/kensuke/.cargo/registry/src/github.com-1ecc6299db9ec823/mio-0.8.4/src/poll.rs:521] registering event source with poller: token=Token(0), interests=READABLE
15:10:01 [INFO] Guessed window scale factor: 1.5
15:10:01 [DEBUG] (1) winit::platform_impl::platform::x11::window: Calculated physical dimensions: 1200x900
15:10:01 [DEBUG] (1) winit::platform_impl::platform::x11::ime: failed to create IME context without preedit support.
15:10:01 [INFO] created window
15:10:01 [INFO] creating Instance
15:10:01 [INFO] checking minimum Vulkan version
15:10:01 [INFO] found required minimum version of Vulkan
15:10:01 [INFO] checking for available vulkan validation layers
15:10:01 [INFO] checking existance for validation layer: VK_LAYER_KHRONOS_validation
15:10:01 [INFO] found validation layer: VK_LAYER_KHRONOS_validation
15:10:01 [INFO] creating instance
15:10:01 [INFO] created instance
15:10:01 [INFO] enumerating physical devices
15:10:01 [INFO] found physical devices
15:10:01 [INFO] enumerating instance layer properties
15:10:01 [INFO] found layer properties
15:10:01 [INFO] enumerating instance extension properties
15:10:01 [INFO] found extensions
15:10:01 [INFO] creating DebugUtilsMessenger
15:10:01 [INFO] created DebugUtils loader
15:10:01 [INFO] creating debug callback
15:10:01 [INFO] created debug callback
15:10:31 [ERROR] [ERROR][VALIDATION]"Validation Error: [ VUID-vkDestroyInstance-instance-00629 ] Object 0: handle = 0x555d2cd75090, type = VK_OBJECT_TYPE_INSTANCE; Object 1: handle = 0xfd5b260000000001, type = VK_OBJECT_TYPE_DEBUG_UTILS_MESSENGER_EXT; | MessageID = 0x8b3d8e18 | OBJ ERROR : For VkInstance 0x555d2cd75090[], VkDebugUtilsMessengerEXT 0xfd5b260000000001[] has not been destroyed. The Vulkan spec states: All child objects created using instance must have been destroyed prior to destroying instance (https://www.khronos.org/registry/vulkan/specs/1.3-extensions/html/vkspec.html#VUID-vkDestroyInstance-instance-00629)"
