15:26:28 [INFO] creating window
15:26:28 [TRACE] (1) mio::poll: [/home/kensuke/.cargo/registry/src/github.com-1ecc6299db9ec823/mio-0.8.4/src/poll.rs:521] registering event source with poller: token=Token(0), interests=READABLE
15:26:28 [INFO] Guessed window scale factor: 1.5
15:26:28 [DEBUG] (1) winit::platform_impl::platform::x11::window: Calculated physical dimensions: 1200x900
15:26:28 [DEBUG] (1) winit::platform_impl::platform::x11::ime: failed to create IME context without preedit support.
15:26:28 [INFO] created window
15:26:28 [INFO] creating Instance
15:26:28 [INFO] checking minimum Vulkan version
15:26:28 [INFO] found required minimum version of Vulkan
15:26:28 [INFO] checking for available vulkan validation layers
15:26:28 [INFO] checking existance for validation layer: VK_LAYER_KHRONOS_validation
15:26:28 [INFO] found validation layer: VK_LAYER_KHRONOS_validation
15:26:28 [INFO] creating instance
15:26:28 [INFO] created instance
15:26:28 [INFO] enumerating physical devices
15:26:28 [INFO] found physical devices
15:26:28 [INFO] enumerating instance layer properties
15:26:28 [INFO] found layer properties
15:26:28 [INFO] enumerating instance extension properties
15:26:28 [INFO] found extensions
15:26:28 [INFO] creating DebugUtilsMessenger
15:26:28 [INFO] created DebugUtils loader
15:26:28 [INFO] creating debug callback
15:26:28 [INFO] created debug callback
